{"uuid":"92b7a462-3b9f-4d44-88de-cfec6e87d2e5","historyId":"f57b57c8d7123fa5d1e43132bfaaf62a","fullName":"src/test/Features/dashboard.feature:30","labels":[{"name":"host","value":"DESKTOP-LOCP3ED"},{"name":"thread","value":"15084@DESKTOP-LOCP3ED.main(1)"},{"name":"feature","value":"Verify Login And Widgets on dashboardPage"},{"name":"story","value":"Login With Invalid Credentials"},{"name":"suite","value":"Verify Login And Widgets on dashboardPage"},{"name":"testClass","value":"Login With Invalid Credentials"},{"name":"framework","value":"cucumber4jvm"},{"name":"language","value":"java"},{"name":"gherkin_uri","value":"file:///C:/Users/HP/Downloads/Terramis_Automation/src/test/Features/dashboard.feature"},{"name":"package","value":"src.test.Features.dashboard_feature.Verify Login And Widgets on dashboardPage"}],"links":[],"name":"Login With Invalid Credentials","status":"broken","statusDetails":{"known":false,"muted":false,"flaky":false,"message":"element click intercepted: Element <li _ngcontent-pho-c5=\"\" class=\"nav-item ml-0 ml-sm-4 dropdown\" ngbdropdown=\"\">...</li> is not clickable at point (1417, 22). Other element would receive the click: <div _ngcontent-pho-c1=\"\" class=\"ngx-overlay loading-foreground\" style=\"background-color: rgba(40, 40, 40, 0); border-radius: 0px;\">...</div>\n  (Session info: chrome=128.0.6613.120)\nBuild info: version: '4.22.0', revision: 'c5f3146703*'\nSystem info: os.name: 'Windows 10', os.arch: 'amd64', os.version: '10.0', java.version: '21.0.4'\nDriver info: org.openqa.selenium.chrome.ChromeDriver\nCommand: [81abd549b7c3a6ede85beb2efcedb939, clickElement {id=f.D38050A596728B18256B4FB3AA00BC44.d.3E795A9D77F64A38C6B18A9252513E13.e.127}]\nCapabilities {acceptInsecureCerts: false, browserName: chrome, browserVersion: 128.0.6613.120, chrome: {chromedriverVersion: 128.0.6613.86 (3045ed680fda..., userDataDir: C:\\Users\\HP\\AppData\\Local\\T...}, fedcm:accounts: true, goog:chromeOptions: {debuggerAddress: localhost:61189}, networkConnectionEnabled: false, pageLoadStrategy: normal, platformName: windows, proxy: Proxy(), se:cdp: ws://localhost:61189/devtoo..., se:cdpVersion: 128.0.6613.120, setWindowRect: true, strictFileInteractability: false, timeouts: {implicit: 0, pageLoad: 300000, script: 30000}, unhandledPromptBehavior: dismiss and notify, webauthn:extension:credBlob: true, webauthn:extension:largeBlob: true, webauthn:extension:minPinLength: true, webauthn:extension:prf: true, webauthn:virtualAuthenticators: true}\nElement: [[ChromeDriver: chrome on windows (81abd549b7c3a6ede85beb2efcedb939)] -> xpath: //*[@id='navbarSupportedContent']/ul/li]\nSession ID: 81abd549b7c3a6ede85beb2efcedb939","trace":"org.openqa.selenium.ElementClickInterceptedException: element click intercepted: Element <li _ngcontent-pho-c5=\"\" class=\"nav-item ml-0 ml-sm-4 dropdown\" ngbdropdown=\"\">...</li> is not clickable at point (1417, 22). Other element would receive the click: <div _ngcontent-pho-c1=\"\" class=\"ngx-overlay loading-foreground\" style=\"background-color: rgba(40, 40, 40, 0); border-radius: 0px;\">...</div>\n  (Session info: chrome=128.0.6613.120)\nBuild info: version: '4.22.0', revision: 'c5f3146703*'\nSystem info: os.name: 'Windows 10', os.arch: 'amd64', os.version: '10.0', java.version: '21.0.4'\nDriver info: org.openqa.selenium.chrome.ChromeDriver\nCommand: [81abd549b7c3a6ede85beb2efcedb939, clickElement {id=f.D38050A596728B18256B4FB3AA00BC44.d.3E795A9D77F64A38C6B18A9252513E13.e.127}]\nCapabilities {acceptInsecureCerts: false, browserName: chrome, browserVersion: 128.0.6613.120, chrome: {chromedriverVersion: 128.0.6613.86 (3045ed680fda..., userDataDir: C:\\Users\\HP\\AppData\\Local\\T...}, fedcm:accounts: true, goog:chromeOptions: {debuggerAddress: localhost:61189}, networkConnectionEnabled: false, pageLoadStrategy: normal, platformName: windows, proxy: Proxy(), se:cdp: ws://localhost:61189/devtoo..., se:cdpVersion: 128.0.6613.120, setWindowRect: true, strictFileInteractability: false, timeouts: {implicit: 0, pageLoad: 300000, script: 30000}, unhandledPromptBehavior: dismiss and notify, webauthn:extension:credBlob: true, webauthn:extension:largeBlob: true, webauthn:extension:minPinLength: true, webauthn:extension:prf: true, webauthn:virtualAuthenticators: true}\nElement: [[ChromeDriver: chrome on windows (81abd549b7c3a6ede85beb2efcedb939)] -> xpath: //*[@id='navbarSupportedContent']/ul/li]\nSession ID: 81abd549b7c3a6ede85beb2efcedb939\r\n\tat java.base/jdk.internal.reflect.DirectConstructorHandleAccessor.newInstance(DirectConstructorHandleAccessor.java:62)\r\n\tat java.base/java.lang.reflect.Constructor.newInstanceWithCaller(Constructor.java:502)\r\n\tat java.base/java.lang.reflect.Constructor.newInstance(Constructor.java:486)\r\n\tat org.openqa.selenium.remote.ErrorCodec.decode(ErrorCodec.java:167)\r\n\tat org.openqa.selenium.remote.codec.w3c.W3CHttpResponseCodec.decode(W3CHttpResponseCodec.java:138)\r\n\tat org.openqa.selenium.remote.codec.w3c.W3CHttpResponseCodec.decode(W3CHttpResponseCodec.java:50)\r\n\tat org.openqa.selenium.remote.HttpCommandExecutor.execute(HttpCommandExecutor.java:190)\r\n\tat org.openqa.selenium.remote.service.DriverCommandExecutor.invokeExecute(DriverCommandExecutor.java:216)\r\n\tat org.openqa.selenium.remote.service.DriverCommandExecutor.execute(DriverCommandExecutor.java:174)\r\n\tat org.openqa.selenium.remote.RemoteWebDriver.execute(RemoteWebDriver.java:518)\r\n\tat org.openqa.selenium.remote.RemoteWebElement.execute(RemoteWebElement.java:223)\r\n\tat org.openqa.selenium.remote.RemoteWebElement.click(RemoteWebElement.java:76)\r\n\tat pages.LoginPage.enterUsernameAndPassword(LoginPage.java:30)\r\n\tat StepDefinitions.LoginStepDefinition.iEnterUserNameAndPassword(LoginStepDefinition.java:25)\r\n\tat ✽.I enter username  abcd@focusync.com and password $rTmin#1(file:///C:/Users/HP/Downloads/Terramis_Automation/src/test/Features/dashboard.feature:24)\r\n"},"stage":"finished","steps":[{"name":"Given  I am on the login page","status":"passed","statusDetails":{"known":false,"muted":false,"flaky":false},"stage":"finished","steps":[],"attachments":[],"parameters":[],"start":1726074072413,"stop":1726074074914},{"name":"When  I enter username  abcd@focusync.com and password $rTmin#1","status":"broken","statusDetails":{"known":false,"muted":false,"flaky":false,"message":"element click intercepted: Element <li _ngcontent-pho-c5=\"\" class=\"nav-item ml-0 ml-sm-4 dropdown\" ngbdropdown=\"\">...</li> is not clickable at point (1417, 22). Other element would receive the click: <div _ngcontent-pho-c1=\"\" class=\"ngx-overlay loading-foreground\" style=\"background-color: rgba(40, 40, 40, 0); border-radius: 0px;\">...</div>\n  (Session info: chrome=128.0.6613.120)\nBuild info: version: '4.22.0', revision: 'c5f3146703*'\nSystem info: os.name: 'Windows 10', os.arch: 'amd64', os.version: '10.0', java.version: '21.0.4'\nDriver info: org.openqa.selenium.chrome.ChromeDriver\nCommand: [81abd549b7c3a6ede85beb2efcedb939, clickElement {id=f.D38050A596728B18256B4FB3AA00BC44.d.3E795A9D77F64A38C6B18A9252513E13.e.127}]\nCapabilities {acceptInsecureCerts: false, browserName: chrome, browserVersion: 128.0.6613.120, chrome: {chromedriverVersion: 128.0.6613.86 (3045ed680fda..., userDataDir: C:\\Users\\HP\\AppData\\Local\\T...}, fedcm:accounts: true, goog:chromeOptions: {debuggerAddress: localhost:61189}, networkConnectionEnabled: false, pageLoadStrategy: normal, platformName: windows, proxy: Proxy(), se:cdp: ws://localhost:61189/devtoo..., se:cdpVersion: 128.0.6613.120, setWindowRect: true, strictFileInteractability: false, timeouts: {implicit: 0, pageLoad: 300000, script: 30000}, unhandledPromptBehavior: dismiss and notify, webauthn:extension:credBlob: true, webauthn:extension:largeBlob: true, webauthn:extension:minPinLength: true, webauthn:extension:prf: true, webauthn:virtualAuthenticators: true}\nElement: [[ChromeDriver: chrome on windows (81abd549b7c3a6ede85beb2efcedb939)] -> xpath: //*[@id='navbarSupportedContent']/ul/li]\nSession ID: 81abd549b7c3a6ede85beb2efcedb939","trace":"org.openqa.selenium.ElementClickInterceptedException: element click intercepted: Element <li _ngcontent-pho-c5=\"\" class=\"nav-item ml-0 ml-sm-4 dropdown\" ngbdropdown=\"\">...</li> is not clickable at point (1417, 22). Other element would receive the click: <div _ngcontent-pho-c1=\"\" class=\"ngx-overlay loading-foreground\" style=\"background-color: rgba(40, 40, 40, 0); border-radius: 0px;\">...</div>\n  (Session info: chrome=128.0.6613.120)\nBuild info: version: '4.22.0', revision: 'c5f3146703*'\nSystem info: os.name: 'Windows 10', os.arch: 'amd64', os.version: '10.0', java.version: '21.0.4'\nDriver info: org.openqa.selenium.chrome.ChromeDriver\nCommand: [81abd549b7c3a6ede85beb2efcedb939, clickElement {id=f.D38050A596728B18256B4FB3AA00BC44.d.3E795A9D77F64A38C6B18A9252513E13.e.127}]\nCapabilities {acceptInsecureCerts: false, browserName: chrome, browserVersion: 128.0.6613.120, chrome: {chromedriverVersion: 128.0.6613.86 (3045ed680fda..., userDataDir: C:\\Users\\HP\\AppData\\Local\\T...}, fedcm:accounts: true, goog:chromeOptions: {debuggerAddress: localhost:61189}, networkConnectionEnabled: false, pageLoadStrategy: normal, platformName: windows, proxy: Proxy(), se:cdp: ws://localhost:61189/devtoo..., se:cdpVersion: 128.0.6613.120, setWindowRect: true, strictFileInteractability: false, timeouts: {implicit: 0, pageLoad: 300000, script: 30000}, unhandledPromptBehavior: dismiss and notify, webauthn:extension:credBlob: true, webauthn:extension:largeBlob: true, webauthn:extension:minPinLength: true, webauthn:extension:prf: true, webauthn:virtualAuthenticators: true}\nElement: [[ChromeDriver: chrome on windows (81abd549b7c3a6ede85beb2efcedb939)] -> xpath: //*[@id='navbarSupportedContent']/ul/li]\nSession ID: 81abd549b7c3a6ede85beb2efcedb939\r\n\tat java.base/jdk.internal.reflect.DirectConstructorHandleAccessor.newInstance(DirectConstructorHandleAccessor.java:62)\r\n\tat java.base/java.lang.reflect.Constructor.newInstanceWithCaller(Constructor.java:502)\r\n\tat java.base/java.lang.reflect.Constructor.newInstance(Constructor.java:486)\r\n\tat org.openqa.selenium.remote.ErrorCodec.decode(ErrorCodec.java:167)\r\n\tat org.openqa.selenium.remote.codec.w3c.W3CHttpResponseCodec.decode(W3CHttpResponseCodec.java:138)\r\n\tat org.openqa.selenium.remote.codec.w3c.W3CHttpResponseCodec.decode(W3CHttpResponseCodec.java:50)\r\n\tat org.openqa.selenium.remote.HttpCommandExecutor.execute(HttpCommandExecutor.java:190)\r\n\tat org.openqa.selenium.remote.service.DriverCommandExecutor.invokeExecute(DriverCommandExecutor.java:216)\r\n\tat org.openqa.selenium.remote.service.DriverCommandExecutor.execute(DriverCommandExecutor.java:174)\r\n\tat org.openqa.selenium.remote.RemoteWebDriver.execute(RemoteWebDriver.java:518)\r\n\tat org.openqa.selenium.remote.RemoteWebElement.execute(RemoteWebElement.java:223)\r\n\tat org.openqa.selenium.remote.RemoteWebElement.click(RemoteWebElement.java:76)\r\n\tat pages.LoginPage.enterUsernameAndPassword(LoginPage.java:30)\r\n\tat StepDefinitions.LoginStepDefinition.iEnterUserNameAndPassword(LoginStepDefinition.java:25)\r\n\tat ✽.I enter username  abcd@focusync.com and password $rTmin#1(file:///C:/Users/HP/Downloads/Terramis_Automation/src/test/Features/dashboard.feature:24)\r\n"},"stage":"finished","steps":[],"attachments":[],"parameters":[],"start":1726074074914,"stop":1726074076615},{"name":"And  I click on the login button","status":"skipped","statusDetails":{"known":false,"muted":false,"flaky":false},"stage":"finished","steps":[],"attachments":[],"parameters":[],"start":1726074076617,"stop":1726074076618},{"name":"Then  Invalid credentials error should be shown","status":"skipped","statusDetails":{"known":false,"muted":false,"flaky":false},"stage":"finished","steps":[],"attachments":[],"parameters":[],"start":1726074076618,"stop":1726074076619}],"attachments":[],"parameters":[{"name":"username","value":"abcd@focusync.com"},{"name":"password","value":"$rTmin#1"}],"start":1726074072413,"stop":1726074076907}